<?xml version="1.0" encoding="UTF-8"?>
<testsuite name="com.example.LongMessageTest" tests="1" skipped="0" failures="1" errors="0" timestamp="2026-08-25T10:00:00" hostname="MSI" time="0.050">
  <properties/>
  <testcase name="testHugeAssertionDiff" classname="com.example.LongMessageTest" time="0.050">
    <failure message="Line 1: failure start at /home/runner/work/crosstrainingapp/crosstrainingapp/app/src/test/java/com/example/LongMessageTest.kt:10&#10;Line 2 - diff item 2&#10;Line 3 - diff item 3&#10;Line 4 - diff item 4&#10;Line 5 - diff item 5&#10;Line 6 - diff item 6&#10;Line 7 - diff item 7&#10;Line 8 - diff item 8&#10;Line 9 - diff item 9&#10;Line 10 - diff item 10&#10;Line 11 - diff item 11&#10;Line 12 - diff item 12&#10;Line 13 - diff item 13&#10;Line 14 - diff item 14&#10;Line 15 - diff item 15&#10;Line 16 - diff item 16&#10;Line 17 - diff item 17&#10;Line 18 - diff item 18&#10;Line 19 - diff item 19&#10;Line 20 - diff item 20&#10;Line 21 - diff item 21&#10;Line 22 - diff item 22&#10;Line 23 - diff item 23&#10;Line 24 - diff item 24&#10;Line 25 - diff item 25&#10;Line 26 - diff item 26&#10;Line 27 - diff item 27&#10;Line 28 - diff item 28&#10;Line 29 - diff item 29&#10;Line 30 - diff item 30&#10;Line 31 - diff item 31&#10;Line 32 - diff item 32&#10;Line 33 - diff item 33&#10;Line 34 - diff item 34&#10;Line 35 - diff item 35&#10;Line 36 - diff item 36&#10;Line 37 - diff item 37&#10;Line 38 - diff item 38&#10;Line 39 - diff item 39&#10;Line 40 - diff item 40&#10;Line 41 - diff item 41 (should be truncated)&#10;Line 42 - diff item 42 (should be truncated)&#10;Line 43 - diff item 43 (should be truncated)&#10;Line 44 - diff item 44 (should be truncated)&#10;Line 45 - diff item 45 (should be truncated)&#10;Line 46 - diff item 46 (should be truncated)&#10;Line 47 - diff item 47 (should be truncated)&#10;Line 48 - diff item 48 (should be truncated)&#10;Line 49 - diff item 49 (should be truncated)&#10;Line 50 - diff item 50 (should be truncated)&#10;Line 51 - diff item 51 (should be truncated)&#10;Line 52 - diff item 52 (should be truncated)&#10;Line 53 - diff item 53 (should be truncated)&#10;Line 54 - diff item 54 (should be truncated)&#10;Line 55 - diff item 55 (should be truncated)&#10;Line 56 - diff item 56 (should be truncated)&#10;Line 57 - diff item 57 (should be truncated)&#10;Line 58 - diff item 58 (should be truncated)&#10;Line 59 - diff item 59 (should be truncated)&#10;Line 60 - diff item 60 (should be truncated)" type="java.lang.AssertionError">java.lang.AssertionError: Huge diff failure
	at org.junit.Assert.fail(Assert.java:89)
	at /home/runner/work/crosstrainingapp/crosstrainingapp/app/src/test/java/com/example/LongMessageTest.kt:10
    </failure>
  </testcase>
  <system-out><![CDATA[]]></system-out>
  <system-err><![CDATA[]]></system-err>
</testsuite>